#------------------------------------------------------------------------------
# irace: An implementation in R of (Elitist) Iterated Racing
# Version: 4.4.1.ccb6607
# Copyright (C) 2010-2025
# Manuel Lopez-Ibanez     <manuel.lopez-ibanez@manchester.ac.uk>
# Jeremie Dubois-Lacoste
# Leslie Perez Caceres    <leslie.perez.caceres@ulb.ac.be>
#
# This is free software, and you are welcome to redistribute it under certain
# conditions.  See the GNU General Public License for details. There is NO
# WARRANTY; not even for MERCHANTABILITY or FITNESS FOR A PARTICULAR PURPOSE.
#
# irace builds upon previous code from the race package:
#     race: Racing methods for the selection of the best
#     Copyright (C) 2003 Mauro Birattari
#------------------------------------------------------------------------------
# installed at: /usr/local/lib/R/site-library/irace
# called with: --scenario scenario-rodada3.txt
# 2026-04-08 21:11:42 -03: Reading parameter file '/mnt/c/Users/camil/codes/mestrado/sbv-hybrid-metaheuristic/calibracao/parameters-rodada3.txt'.
# 2026-04-08 21:11:42 -03: Initialization
# Elitist race
# Elitist new instances: 1
# Elitist limit: 2
# nbIterations: 5
# minNbSurvival: 5
# nbParameters: 9
# seed: 1234
# confidence level: 0.95
# budget: 1000
# mu: 5
# deterministic: FALSE

# 2026-04-08 21:11:42 -03: Iteration 1 of 5
# experimentsUsed: 0
# remainingBudget: 1000
# currentBudget: 200
# nbConfigurations: 33
# Markers:
     x No test is performed.
     c Configurations are discarded only due to capping.
     - The test is performed and some configurations are discarded.
     = The test is performed but no configuration is discarded.
     ! The test is performed and configurations could be discarded but elite configurations are preserved.
     . Alive configurations were already evaluated on this instance and nothing is discarded.
     : All alive configurations are elite, but some need to be evaluated on this instance.

+-+-----------+-----------+-----------+----------------+-----------+--------+-----+----+------+
| |   Instance|      Alive|       Best|       Mean best| Exp so far|  W time|  rho|KenW|  Qvar|
+-+-----------+-----------+-----------+----------------+-----------+--------+-----+----+------+
|x|          1|         33|          1|     86682.00000|         33|00:00:01|   NA|  NA|    NA|
|x|          2|         33|         26|     92299.00000|         66|00:00:03|+0.43|0.72|0.6768|
|x|          3|         33|         26|     89649.33333|         99|00:00:02|+0.51|0.68|0.5033|
|x|          4|         33|          9|     89732.75000|        132|00:00:02|+0.52|0.64|0.4504|
|-|          5|         10|          9|     89277.60000|        165|00:00:01|-0.10|0.12|0.9561|
|=|          6|         10|         24|     88478.66667|        175|00:00:01|-0.04|0.13|0.9633|
|=|          7|         10|         12|     88614.28571|        185|00:00:01|-0.04|0.11|0.9411|
+-+-----------+-----------+-----------+----------------+-----------+--------+-----+----+------+
Best-so-far configuration:          12    mean value:      88614.28571
Description of the best-so-far configuration:
   .ID. POP_SIZE RVND_MAX_TENT FRAC_ELITE PROB_MUTACAO TORNEIO_K NUM_BL POOL_ELITE_SIZE K_ESTAB MIN_GEN_MINERAC .PARENT.
12   12       86           146      0.303       0.1836         5     10              50      25              11       NA

# 2026-04-08 21:11:57 -03: Elite configurations (first number is the configuration ID; listed from best to worst according to the sum of ranks):
   POP_SIZE RVND_MAX_TENT FRAC_ELITE PROB_MUTACAO TORNEIO_K NUM_BL POOL_ELITE_SIZE K_ESTAB MIN_GEN_MINERAC
12       86           146     0.3030       0.1836         5     10              50      25              11
9        65            99     0.2030       0.2711         5      5             100      18               6
24       38           176     0.2155       0.3914         5      5             200       9               7
15       76           170     0.1530       0.2274         3     10              30       8              13
30       53           188     0.1405       0.1946         2     10             200      11               6
# 2026-04-08 21:11:57 -03: Iteration 2 of 5
# experimentsUsed: 185
# remainingBudget: 815
# currentBudget: 203
# nbConfigurations: 29
# Markers:
     x No test is performed.
     c Configurations are discarded only due to capping.
     - The test is performed and some configurations are discarded.
     = The test is performed but no configuration is discarded.
     ! The test is performed and configurations could be discarded but elite configurations are preserved.
     . Alive configurations were already evaluated on this instance and nothing is discarded.
     : All alive configurations are elite, but some need to be evaluated on this instance.

+-+-----------+-----------+-----------+----------------+-----------+--------+-----+----+------+
| |   Instance|      Alive|       Best|       Mean best| Exp so far|  W time|  rho|KenW|  Qvar|
+-+-----------+-----------+-----------+----------------+-----------+--------+-----+----+------+
|x|          8|         29|         36|     92201.00000|         29|00:00:02|   NA|  NA|    NA|
|x|          3|         29|         36|     87717.50000|         53|00:00:01|+0.48|0.74|0.2942|
|x|          1|         29|         24|     89250.66667|         77|00:00:01|+0.45|0.63|0.2933|
|x|          5|         29|         24|     88749.50000|        101|00:00:01|+0.48|0.61|0.2885|
|-|          6|         12|         24|     87728.20000|        125|00:00:01|-0.01|0.19|0.8934|
|=|          2|         12|         24|     89587.50000|        132|00:00:01|+0.01|0.17|0.8462|
|=|          4|         12|         36|     89308.14286|        139|00:00:00|+0.06|0.20|0.7789|
|=|          7|         12|         36|     89207.50000|        146|00:00:00|+0.02|0.15|0.8427|
|=|          9|         12|         36|     90114.00000|        158|00:00:01|+0.06|0.16|0.8265|
+-+-----------+-----------+-----------+----------------+-----------+--------+-----+----+------+
Best-so-far configuration:          36    mean value:      90114.00000
Description of the best-so-far configuration:
   .ID. POP_SIZE RVND_MAX_TENT FRAC_ELITE PROB_MUTACAO TORNEIO_K NUM_BL POOL_ELITE_SIZE K_ESTAB MIN_GEN_MINERAC .PARENT.
36   36       56           195     0.1764       0.1262         3     10             100      18               4       24

# 2026-04-08 21:12:10 -03: Elite configurations (first number is the configuration ID; listed from best to worst according to the sum of ranks):
   POP_SIZE RVND_MAX_TENT FRAC_ELITE PROB_MUTACAO TORNEIO_K NUM_BL POOL_ELITE_SIZE K_ESTAB MIN_GEN_MINERAC
36       56           195     0.1764       0.1262         3     10             100      18               4
24       38           176     0.2155       0.3914         5      5             200       9               7
12       86           146     0.3030       0.1836         5     10              50      25              11
46       96           148     0.3331       0.2254         5     10             200      22              10
15       76           170     0.1530       0.2274         3     10              30       8              13
# 2026-04-08 21:12:10 -03: Iteration 3 of 5
# experimentsUsed: 343
# remainingBudget: 657
# currentBudget: 219
# nbConfigurations: 26
# Markers:
     x No test is performed.
     c Configurations are discarded only due to capping.
     - The test is performed and some configurations are discarded.
     = The test is performed but no configuration is discarded.
     ! The test is performed and configurations could be discarded but elite configurations are preserved.
     . Alive configurations were already evaluated on this instance and nothing is discarded.
     : All alive configurations are elite, but some need to be evaluated on this instance.

+-+-----------+-----------+-----------+----------------+-----------+--------+-----+----+------+
| |   Instance|      Alive|       Best|       Mean best| Exp so far|  W time|  rho|KenW|  Qvar|
+-+-----------+-----------+-----------+----------------+-----------+--------+-----+----+------+
|x|         10|         26|         61|     86721.00000|         26|00:00:03|   NA|  NA|    NA|
|x|          9|         26|         61|     91872.00000|         47|00:00:02|+0.49|0.75|0.3553|
|x|          5|         26|         46|     90473.00000|         68|00:00:02|+0.50|0.67|0.3377|
|x|          7|         26|         46|     90386.50000|         89|00:00:04|+0.55|0.66|0.2825|
|-|          8|         13|         64|     90666.00000|        110|00:00:02|-0.09|0.13|1.0245|
|=|          4|         13|         64|     90289.66667|        118|00:00:01|-0.09|0.09|1.0058|
|=|          6|         13|         64|     89621.57143|        126|00:00:01|-0.09|0.07|1.0158|
|=|          3|         13|         36|     89257.50000|        134|00:00:01|-0.06|0.07|1.0027|
|=|          2|         13|         69|     90308.11111|        142|00:00:01|-0.04|0.07|0.9826|
|=|          1|         13|         36|     90090.40000|        150|00:00:01|-0.05|0.05|0.9735|
|=|         11|         13|         61|     89846.72727|        163|00:00:02|-0.04|0.05|0.9622|
+-+-----------+-----------+-----------+----------------+-----------+--------+-----+----+------+
Best-so-far configuration:          61    mean value:      89846.72727
Description of the best-so-far configuration:
   .ID. POP_SIZE RVND_MAX_TENT FRAC_ELITE PROB_MUTACAO TORNEIO_K NUM_BL POOL_ELITE_SIZE K_ESTAB MIN_GEN_MINERAC .PARENT.
61   61       47           117     0.2977       0.2179         5     10             100       8              10       12

# 2026-04-08 21:12:37 -03: Elite configurations (first number is the configuration ID; listed from best to worst according to the sum of ranks):
   POP_SIZE RVND_MAX_TENT FRAC_ELITE PROB_MUTACAO TORNEIO_K NUM_BL POOL_ELITE_SIZE K_ESTAB MIN_GEN_MINERAC
61       47           117     0.2977       0.2179         5     10             100       8              10
36       56           195     0.1764       0.1262         3     10             100      18               4
64       58           126     0.3370       0.2714         5     10              50      22              10
73       75           119     0.1798       0.2565         5     10             200      24               4
69       81           156     0.2718       0.2003         5     10             200      28               6
# 2026-04-08 21:12:37 -03: Iteration 4 of 5
# experimentsUsed: 506
# remainingBudget: 494
# currentBudget: 247
# nbConfigurations: 25
# Markers:
     x No test is performed.
     c Configurations are discarded only due to capping.
     - The test is performed and some configurations are discarded.
     = The test is performed but no configuration is discarded.
     ! The test is performed and configurations could be discarded but elite configurations are preserved.
     . Alive configurations were already evaluated on this instance and nothing is discarded.
     : All alive configurations are elite, but some need to be evaluated on this instance.

+-+-----------+-----------+-----------+----------------+-----------+--------+-----+----+------+
| |   Instance|      Alive|       Best|       Mean best| Exp so far|  W time|  rho|KenW|  Qvar|
+-+-----------+-----------+-----------+----------------+-----------+--------+-----+----+------+
|x|         12|         25|         86|     80333.00000|         25|00:00:03|   NA|  NA|    NA|
|x|         10|         25|         87|     85699.00000|         45|00:00:02|+0.20|0.60|0.7475|
|x|          1|         25|         87|     85504.00000|         65|00:00:02|+0.22|0.48|0.7507|
|x|          6|         25|         87|     84561.50000|         85|00:00:02|+0.29|0.46|0.6659|
|-|          8|         12|         87|     86513.80000|        105|00:00:02|+0.10|0.28|0.7992|
|=|          2|         12|         87|     88524.33333|        112|00:00:01|+0.03|0.19|0.9082|
|=|          4|         12|         87|     88466.85714|        119|00:00:01|+0.05|0.18|0.8876|
|=|          9|         12|         87|     89599.87500|        126|00:00:03|-0.03|0.10|0.9555|
|=|         11|         12|         87|     89626.88889|        133|00:00:01|+0.01|0.12|0.9159|
|=|          3|         12|         87|     88839.40000|        140|00:00:01|+0.01|0.11|0.9170|
|=|          7|         12|         87|     88675.27273|        147|00:00:01|+0.02|0.11|0.9060|
|=|          5|         12|         87|     88623.00000|        154|00:00:01|-0.00|0.08|0.9206|
|=|         13|         12|         87|     88953.53846|        166|00:00:02|+0.01|0.09|0.9010|
+-+-----------+-----------+-----------+----------------+-----------+--------+-----+----+------+
Best-so-far configuration:          87    mean value:      88953.53846
Description of the best-so-far configuration:
   .ID. POP_SIZE RVND_MAX_TENT FRAC_ELITE PROB_MUTACAO TORNEIO_K NUM_BL POOL_ELITE_SIZE K_ESTAB MIN_GEN_MINERAC .PARENT.
87   87       50           141     0.2132       0.2194         5     10             100       8               8       61

# 2026-04-08 21:13:05 -03: Elite configurations (first number is the configuration ID; listed from best to worst according to the sum of ranks):
   POP_SIZE RVND_MAX_TENT FRAC_ELITE PROB_MUTACAO TORNEIO_K NUM_BL POOL_ELITE_SIZE K_ESTAB MIN_GEN_MINERAC
87       50           141     0.2132       0.2194         5     10             100       8               8
96       55            87     0.1481       0.2931         5     10              30      16               6
64       58           126     0.3370       0.2714         5     10              50      22              10
61       47           117     0.2977       0.2179         5     10             100       8              10
36       56           195     0.1764       0.1262         3     10             100      18               4
# 2026-04-08 21:13:05 -03: Iteration 5 of 5
# experimentsUsed: 672
# remainingBudget: 328
# currentBudget: 328
# nbConfigurations: 28
# Markers:
     x No test is performed.
     c Configurations are discarded only due to capping.
     - The test is performed and some configurations are discarded.
     = The test is performed but no configuration is discarded.
     ! The test is performed and configurations could be discarded but elite configurations are preserved.
     . Alive configurations were already evaluated on this instance and nothing is discarded.
     : All alive configurations are elite, but some need to be evaluated on this instance.

+-+-----------+-----------+-----------+----------------+-----------+--------+-----+----+------+
| |   Instance|      Alive|       Best|       Mean best| Exp so far|  W time|  rho|KenW|  Qvar|
+-+-----------+-----------+-----------+----------------+-----------+--------+-----+----+------+
|x|         14|         28|        111|     85625.00000|         28|00:00:03|   NA|  NA|    NA|
