#------------------------------------------------------------------------------
# irace: An implementation in R of (Elitist) Iterated Racing
# Version: 4.4.1.ccb6607
# Copyright (C) 2010-2025
# Manuel Lopez-Ibanez     <manuel.lopez-ibanez@manchester.ac.uk>
# Jeremie Dubois-Lacoste
# Leslie Perez Caceres    <leslie.perez.caceres@ulb.ac.be>
#
# This is free software, and you are welcome to redistribute it under certain
# conditions.  See the GNU General Public License for details. There is NO
# WARRANTY; not even for MERCHANTABILITY or FITNESS FOR A PARTICULAR PURPOSE.
#
# irace builds upon previous code from the race package:
#     race: Racing methods for the selection of the best
#     Copyright (C) 2003 Mauro Birattari
#------------------------------------------------------------------------------
# installed at: /usr/local/lib/R/site-library/irace
# called with: --scenario scenario-completo.txt
# 2026-04-10 07:34:19 -03: Reading parameter file '/mnt/c/Users/camil/codes/mestrado/sbv-hybrid-metaheuristic/calibracao/parameters-completo.txt'.
# 2026-04-10 07:34:19 -03: Initialization
# Elitist race
# Elitist new instances: 1
# Elitist limit: 2
# nbIterations: 5
# minNbSurvival: 5
# nbParameters: 14
# seed: 1234
# confidence level: 0.95
# budget: 2000
# mu: 5
# deterministic: FALSE

# 2026-04-10 07:34:19 -03: Iteration 1 of 5
# experimentsUsed: 0
# remainingBudget: 2000
# currentBudget: 400
# nbConfigurations: 66
# Markers:
     x No test is performed.
     c Configurations are discarded only due to capping.
     - The test is performed and some configurations are discarded.
     = The test is performed but no configuration is discarded.
     ! The test is performed and configurations could be discarded but elite configurations are preserved.
     . Alive configurations were already evaluated on this instance and nothing is discarded.
     : All alive configurations are elite, but some need to be evaluated on this instance.

+-+-----------+-----------+-----------+----------------+-----------+--------+-----+----+------+
| |   Instance|      Alive|       Best|       Mean best| Exp so far|  W time|  rho|KenW|  Qvar|
+-+-----------+-----------+-----------+----------------+-----------+--------+-----+----+------+
|x|          1|         66|         25|     76848.00000|         66|00:00:38|   NA|  NA|    NA|
|x|          2|         66|         41|     82032.50000|        132|00:00:39|+0.64|0.82|0.3502|
|x|          3|         66|         41|     80274.66667|        198|00:00:35|+0.71|0.81|0.2913|
|x|          4|         66|         41|     80676.25000|        264|00:00:35|+0.70|0.78|0.2968|
|-|          5|         12|         41|     81166.40000|        330|00:00:38|+0.06|0.25|0.8546|
|=|          6|         12|         41|     80471.66667|        342|00:00:15|+0.07|0.23|0.8586|
|=|          7|         12|         41|     80711.85714|        354|00:00:12|+0.10|0.23|0.8374|
+-+-----------+-----------+-----------+----------------+-----------+--------+-----+----+------+
Best-so-far configuration:          41    mean value:      80711.85714
Description of the best-so-far configuration:
   .ID. POP_SIZE RVND_MAX_TENT FRAC_ELITE PROB_MUTACAO TORNEIO_K NUM_BL POOL_ELITE_SIZE K_ESTAB MIN_GEN_MINERAC Q_ALPHA Q_GAMMA_RL Q_EPSILON_INIT Q_EPSILON_MIN Q_EPSILON_DECAY .PARENT.
41   41       94           182     0.1705       0.2768         3     10             200      10              17  0.4833     0.3677         0.2893         0.097          0.9901       NA

# 2026-04-10 07:37:54 -03: Elite configurations (first number is the configuration ID; listed from best to worst according to the sum of ranks):
   POP_SIZE RVND_MAX_TENT FRAC_ELITE PROB_MUTACAO TORNEIO_K NUM_BL POOL_ELITE_SIZE K_ESTAB MIN_GEN_MINERAC Q_ALPHA Q_GAMMA_RL Q_EPSILON_INIT Q_EPSILON_MIN Q_EPSILON_DECAY
41       94           182     0.1705       0.2768         3     10             200      10              17  0.4833     0.3677         0.2893        0.0970          0.9901
11       42           107     0.2893       0.1994         5     10              30      23               3  0.7672     0.5510         0.3888        0.0347          0.9912
59       26           104     0.2830       0.3971         5      5             100      19              17  0.4586     0.5618         0.0596        0.0554          0.9954
24       70           149     0.2018       0.4229         3     10             200      21              15  0.1006     0.6588         0.2204        0.1593          0.9996
25       65            65     0.4268       0.5947         5     10              30      29              19  0.5450     0.7019         0.1898        0.1237          0.9940
# 2026-04-10 07:37:54 -03: Iteration 2 of 5
# experimentsUsed: 354
# remainingBudget: 1646
# currentBudget: 411
# nbConfigurations: 55
# Markers:
     x No test is performed.
     c Configurations are discarded only due to capping.
     - The test is performed and some configurations are discarded.
     = The test is performed but no configuration is discarded.
     ! The test is performed and configurations could be discarded but elite configurations are preserved.
     . Alive configurations were already evaluated on this instance and nothing is discarded.
     : All alive configurations are elite, but some need to be evaluated on this instance.

+-+-----------+-----------+-----------+----------------+-----------+--------+-----+----+------+
| |   Instance|      Alive|       Best|       Mean best| Exp so far|  W time|  rho|KenW|  Qvar|
+-+-----------+-----------+-----------+----------------+-----------+--------+-----+----+------+
|x|          8|         55|        111|     86976.00000|         55|00:00:41|   NA|  NA|    NA|
|x|          4|         55|        111|     84019.50000|        105|00:00:33|+0.59|0.80|0.2501|
|x|          6|         55|        111|     81453.66667|        155|00:00:32|+0.60|0.73|0.2886|
|x|          1|         55|        111|     80915.00000|        205|00:00:35|+0.66|0.75|0.2437|
|-|          3|         18|        111|     80395.60000|        255|00:00:33|-0.10|0.12|1.0010|
|=|          5|         18|        111|     80798.66667|        268|00:00:15|-0.05|0.13|0.9488|
|=|          2|         18|         94|     82824.00000|        281|00:00:14|-0.00|0.14|0.8923|
|=|          7|         18|        111|     82460.62500|        294|00:00:14|-0.01|0.12|0.8986|
|=|          9|         18|        111|     83176.55556|        312|00:00:20|-0.03|0.08|0.9298|
+-+-----------+-----------+-----------+----------------+-----------+--------+-----+----+------+
Best-so-far configuration:         111    mean value:      83176.55556
Description of the best-so-far configuration:
    .ID. POP_SIZE RVND_MAX_TENT FRAC_ELITE PROB_MUTACAO TORNEIO_K NUM_BL POOL_ELITE_SIZE K_ESTAB MIN_GEN_MINERAC Q_ALPHA Q_GAMMA_RL Q_EPSILON_INIT Q_EPSILON_MIN Q_EPSILON_DECAY .PARENT.
111  111       83           103     0.1037       0.2113         3     10             200      30               3  0.3913     0.3031          0.269        0.0868          0.9931       41

# 2026-04-10 07:41:55 -03: Elite configurations (first number is the configuration ID; listed from best to worst according to the sum of ranks):
    POP_SIZE RVND_MAX_TENT FRAC_ELITE PROB_MUTACAO TORNEIO_K NUM_BL POOL_ELITE_SIZE K_ESTAB MIN_GEN_MINERAC Q_ALPHA Q_GAMMA_RL Q_EPSILON_INIT Q_EPSILON_MIN Q_EPSILON_DECAY
111       83           103     0.1037       0.2113         3     10             200      30               3  0.3913     0.3031         0.2690        0.0868          0.9931
105       34            90     0.2402       0.1835         3     10             200      22              20  0.2066     0.3266         0.0770        0.1629          0.9940
41        94           182     0.1705       0.2768         3     10             200      10              17  0.4833     0.3677         0.2893        0.0970          0.9901
87        57           111     0.3774       0.2190         5     10              30      23               7  0.7088     0.4526         0.4407        0.0327          0.9931
11        42           107     0.2893       0.1994         5     10              30      23               3  0.7672     0.5510         0.3888        0.0347          0.9912
# 2026-04-10 07:41:55 -03: Iteration 3 of 5
# experimentsUsed: 666
# remainingBudget: 1334
# currentBudget: 444
# nbConfigurations: 48
# Markers:
     x No test is performed.
     c Configurations are discarded only due to capping.
     - The test is performed and some configurations are discarded.
     = The test is performed but no configuration is discarded.
     ! The test is performed and configurations could be discarded but elite configurations are preserved.
     . Alive configurations were already evaluated on this instance and nothing is discarded.
     : All alive configurations are elite, but some need to be evaluated on this instance.

+-+-----------+-----------+-----------+----------------+-----------+--------+-----+----+------+
| |   Instance|      Alive|       Best|       Mean best| Exp so far|  W time|  rho|KenW|  Qvar|
+-+-----------+-----------+-----------+----------------+-----------+--------+-----+----+------+
|x|         10|         48|        122|     78650.00000|         48|00:00:39|   NA|  NA|    NA|
|x|          3|         48|        122|     77450.00000|         91|00:00:31|+0.78|0.89|0.1984|
|x|          1|         48|        117|     77904.00000|        134|00:00:32|+0.74|0.83|0.2387|
|x|          2|         48|         41|     79939.25000|        177|00:00:33|+0.71|0.78|0.2387|
|-|          7|         11|         41|     80382.00000|        220|00:00:31|+0.04|0.23|0.8829|
|=|          5|         11|         41|     80839.50000|        226|00:00:08|-0.04|0.14|0.9540|
|=|          8|         11|        146|     82221.42857|        232|00:00:10|-0.04|0.11|0.9450|
|=|          9|         11|        146|     83023.87500|        238|00:00:08|-0.01|0.11|0.9309|
|=|          6|         11|        146|     82154.77778|        244|00:00:07|+0.03|0.14|0.8989|
|=|          4|         11|        146|     82368.80000|        250|00:00:07|-0.01|0.10|0.9287|
|=|         11|         11|        146|     82499.18182|        261|00:00:17|-0.02|0.07|0.9353|
+-+-----------+-----------+-----------+----------------+-----------+--------+-----+----+------+
Best-so-far configuration:         146    mean value:      82499.18182
Description of the best-so-far configuration:
    .ID. POP_SIZE RVND_MAX_TENT FRAC_ELITE PROB_MUTACAO TORNEIO_K NUM_BL POOL_ELITE_SIZE K_ESTAB MIN_GEN_MINERAC Q_ALPHA Q_GAMMA_RL Q_EPSILON_INIT Q_EPSILON_MIN Q_EPSILON_DECAY .PARENT.
146  146       81           197     0.2369       0.4021         3     10             200      15              19  0.7416      0.494         0.2566        0.1023          0.9911       41

# 2026-04-10 07:45:44 -03: Elite configurations (first number is the configuration ID; listed from best to worst according to the sum of ranks):
    POP_SIZE RVND_MAX_TENT FRAC_ELITE PROB_MUTACAO TORNEIO_K NUM_BL POOL_ELITE_SIZE K_ESTAB MIN_GEN_MINERAC Q_ALPHA Q_GAMMA_RL Q_EPSILON_INIT Q_EPSILON_MIN Q_EPSILON_DECAY
146       81           197     0.2369       0.4021         3     10             200      15              19  0.7416     0.4940         0.2566        0.1023          0.9911
153       74            98     0.1614       0.1647         5     10             200      29               7  0.2630     0.4143         0.0995        0.0596          0.9928
141       46            61     0.2855       0.2167         3     10              50      26               8  0.6169     0.5424         0.1883        0.0782          0.9955
117       87           195     0.1384       0.2551         3     10             200      17              17  0.5038     0.4305         0.1724        0.0943          0.9937
144       90            92     0.1127       0.2570         3     10             200      22              12  0.2813     0.5693         0.1453        0.0904          0.9908
# 2026-04-10 07:45:44 -03: Iteration 4 of 5
# experimentsUsed: 927
# remainingBudget: 1073
# currentBudget: 536
# nbConfigurations: 49
# Markers:
     x No test is performed.
     c Configurations are discarded only due to capping.
     - The test is performed and some configurations are discarded.
     = The test is performed but no configuration is discarded.
     ! The test is performed and configurations could be discarded but elite configurations are preserved.
     . Alive configurations were already evaluated on this instance and nothing is discarded.
     : All alive configurations are elite, but some need to be evaluated on this instance.

+-+-----------+-----------+-----------+----------------+-----------+--------+-----+----+------+
| |   Instance|      Alive|       Best|       Mean best| Exp so far|  W time|  rho|KenW|  Qvar|
+-+-----------+-----------+-----------+----------------+-----------+--------+-----+----+------+
|x|         12|         49|        175|     73258.00000|         49|00:01:09|   NA|  NA|    NA|
|x|          6|         49|        202|     74390.00000|         93|00:01:03|+0.07|0.53|0.6786|
|x|          3|         49|        202|     74934.00000|        137|00:01:03|+0.10|0.40|0.6263|
|x|          9|         49|        153|     78086.50000|        181|00:01:07|+0.11|0.33|0.5751|
|-|         10|         25|        185|     77852.20000|        225|00:01:07|-0.09|0.12|1.0448|
|=|          5|         25|        185|     77903.83333|        245|00:00:32|-0.03|0.14|0.9983|
|=|          1|         25|        185|     78532.42857|        265|00:00:33|-0.02|0.13|0.9731|
|=|          2|         25|        197|     80021.50000|        285|00:00:34|-0.04|0.09|0.9911|
|=|          7|         25|        197|     80073.22222|        305|00:00:30|-0.03|0.09|0.9848|
|=|          8|         25|        146|     81429.30000|        325|00:00:34|-0.02|0.08|0.9802|
|=|          4|         25|        197|     81576.81818|        345|00:00:31|-0.04|0.06|0.9934|
|=|         11|         25|        197|     81664.50000|        365|00:00:31|-0.02|0.07|0.9729|
|=|         13|         25|        197|     82073.23077|        390|00:00:44|-0.01|0.07|0.9631|
+-+-----------+-----------+-----------+----------------+-----------+--------+-----+----+------+
Best-so-far configuration:         197    mean value:      82073.23077
Description of the best-so-far configuration:
    .ID. POP_SIZE RVND_MAX_TENT FRAC_ELITE PROB_MUTACAO TORNEIO_K NUM_BL POOL_ELITE_SIZE K_ESTAB MIN_GEN_MINERAC Q_ALPHA Q_GAMMA_RL Q_EPSILON_INIT Q_EPSILON_MIN Q_EPSILON_DECAY .PARENT.
197  197       76           148     0.2106       0.2406         3     10              50      19              13  0.5953     0.3928         0.3171        0.0671          0.9923      146

# 2026-04-10 07:55:49 -03: Elite configurations (first number is the configuration ID; listed from best to worst according to the sum of ranks):
    POP_SIZE RVND_MAX_TENT FRAC_ELITE PROB_MUTACAO TORNEIO_K NUM_BL POOL_ELITE_SIZE K_ESTAB MIN_GEN_MINERAC Q_ALPHA Q_GAMMA_RL Q_EPSILON_INIT Q_EPSILON_MIN Q_EPSILON_DECAY
197       76           148     0.2106       0.2406         3     10              50      19              13  0.5953     0.3928         0.3171        0.0671          0.9923
182       59           183     0.2211       0.3654         3     10             200      16              17  0.5392     0.5070         0.2536        0.0419          0.9964
202       81           150     0.1400       0.3951         5     10             200      29               9  0.3831     0.3015         0.0809        0.0454          0.9916
185       81           136     0.2326       0.2452         5     10             200      19               7  0.3320     0.3039         0.0975        0.0141          0.9906
146       81           197     0.2369       0.4021         3     10             200      15              19  0.7416     0.4940         0.2566        0.1023          0.9911
# 2026-04-10 07:55:49 -03: Iteration 5 of 5
# experimentsUsed: 1317
# remainingBudget: 683
# currentBudget: 683
# nbConfigurations: 53
# Markers:
     x No test is performed.
     c Configurations are discarded only due to capping.
     - The test is performed and some configurations are discarded.
     = The test is performed but no configuration is discarded.
     ! The test is performed and configurations could be discarded but elite configurations are preserved.
     . Alive configurations were already evaluated on this instance and nothing is discarded.
     : All alive configurations are elite, but some need to be evaluated on this instance.

+-+-----------+-----------+-----------+----------------+-----------+--------+-----+----+------+
| |   Instance|      Alive|       Best|       Mean best| Exp so far|  W time|  rho|KenW|  Qvar|
+-+-----------+-----------+-----------+----------------+-----------+--------+-----+----+------+
|x|         14|         53|        227|     76403.00000|         53|00:01:25|   NA|  NA|    NA|
|x|         10|         53|        238|     77934.00000|        101|00:01:18|+0.16|0.58|0.6448|
|x|          4|         53|        206|     79459.66667|        149|00:01:16|+0.19|0.46|0.6297|
|x|         13|         53|        243|     82066.75000|        197|00:01:25|+0.15|0.36|0.6778|
|-|          8|         35|        243|     83022.80000|        245|00:01:21|-0.08|0.13|1.0649|
|=|         12|         35|        206|     81980.83333|        275|00:00:52|-0.05|0.12|1.0310|
|=|          6|         35|        243|     80673.42857|        305|00:00:54|-0.04|0.11|1.0064|
|=|          7|         35|        205|     81000.87500|        335|00:00:50|-0.03|0.10|0.9994|
|=|         11|         35|        243|     81307.33333|        365|00:00:53|-0.03|0.08|1.0018|
|=|          5|         35|        213|     81243.90000|        395|00:00:54|-0.01|0.09|0.9813|
|=|          9|         35|        213|     81955.63636|        425|00:00:57|+0.01|0.10|0.9554|
|=|          3|         35|        206|     81389.33333|        455|00:00:51|+0.01|0.10|0.9421|
|=|          1|         35|        206|     81214.92308|        485|00:00:55|+0.02|0.09|0.9423|
|=|          2|         35|        206|     81766.07143|        515|00:00:56|+0.01|0.08|0.9454|
|=|         15|         35|        206|     81690.60000|        550|00:01:02|+0.01|0.07|0.9539|
+-+-----------+-----------+-----------+----------------+-----------+--------+-----+----+------+
Best-so-far configuration:         206    mean value:      81690.60000
Description of the best-so-far configuration:
    .ID. POP_SIZE RVND_MAX_TENT FRAC_ELITE PROB_MUTACAO TORNEIO_K NUM_BL POOL_ELITE_SIZE K_ESTAB MIN_GEN_MINERAC Q_ALPHA Q_GAMMA_RL Q_EPSILON_INIT Q_EPSILON_MIN Q_EPSILON_DECAY .PARENT.
206  206       85           183     0.2865       0.2714         5     10             200      23               7  0.4634     0.4394         0.0742        0.0316          0.9918      185

# 2026-04-10 08:11:47 -03: Elite configurations (first number is the configuration ID; listed from best to worst according to the sum of ranks):
    POP_SIZE RVND_MAX_TENT FRAC_ELITE PROB_MUTACAO TORNEIO_K NUM_BL POOL_ELITE_SIZE K_ESTAB MIN_GEN_MINERAC Q_ALPHA Q_GAMMA_RL Q_EPSILON_INIT Q_EPSILON_MIN Q_EPSILON_DECAY
206       85           183     0.2865       0.2714         5     10             200      23               7  0.4634     0.4394         0.0742        0.0316          0.9918
251       62           158     0.1527       0.4856         5     10             200      30               4  0.3871     0.3424         0.0617        0.0714          0.9923
237       66           168     0.1727       0.4361         3     10             200      18              13  0.5276     0.4843         0.2014        0.0770          0.9965
202       81           150     0.1400       0.3951         5     10             200      29               9  0.3831     0.3015         0.0809        0.0454          0.9916
205       72           190     0.1280       0.3113         5     10             200      28               8  0.5256     0.3330         0.0824        0.0325          0.9904
# 2026-04-10 08:11:47 -03: Iteration 6 of 6
# experimentsUsed: 1867
# remainingBudget: 133
# currentBudget: 133
# nbConfigurations: 13
# Markers:
     x No test is performed.
     c Configurations are discarded only due to capping.
     - The test is performed and some configurations are discarded.
     = The test is performed but no configuration is discarded.
     ! The test is performed and configurations could be discarded but elite configurations are preserved.
     . Alive configurations were already evaluated on this instance and nothing is discarded.
     : All alive configurations are elite, but some need to be evaluated on this instance.

+-+-----------+-----------+-----------+----------------+-----------+--------+-----+----+------+
| |   Instance|      Alive|       Best|       Mean best| Exp so far|  W time|  rho|KenW|  Qvar|
+-+-----------+-----------+-----------+----------------+-----------+--------+-----+----+------+
|x|         16|         13|        255|     73787.00000|         13|00:00:23|   NA|  NA|    NA|
|x|          6|         13|        255|     73699.00000|         21|00:00:13|+0.14|0.57|0.9641|
|x|          1|         13|        251|     75689.66667|         29|00:00:16|+0.18|0.45|0.8264|
|x|          9|         13|        251|     78253.25000|         37|00:00:14|+0.26|0.45|0.6995|
|=|         12|         13|        251|     77632.20000|         45|00:00:16|+0.18|0.34|0.8198|
|=|         14|         13|        251|     77807.16667|         53|00:00:13|+0.14|0.28|0.8145|
|=|         15|         13|        251|     78386.28571|         61|00:00:16|+0.12|0.25|0.7705|
|-|          2|          9|        251|     79414.62500|         69|00:00:15|+0.06|0.18|0.8440|
|=|         13|          9|        258|     80245.55556|         73|00:00:07|-0.00|0.11|0.9089|
|=|          5|          9|        251|     80530.20000|         77|00:00:07|-0.00|0.10|0.9185|
|=|          8|          9|        251|     81156.54545|         81|00:00:09|-0.00|0.09|0.9142|
|=|          3|          9|        251|     80673.91667|         85|00:00:06|-0.03|0.06|0.9272|
|=|         10|          9|        251|     80677.15385|         89|00:00:07|-0.01|0.07|0.9060|
|=|          4|          9|        258|     80412.14286|         93|00:00:07|+0.00|0.07|0.9036|
|=|         11|          9|        258|     80422.86667|         97|00:00:09|+0.01|0.07|0.8913|
|=|          7|          9|        258|     80486.43750|        101|00:00:07|+0.00|0.07|0.8983|
|=|         17|          9|        258|     80685.64706|        110|00:00:16|+0.01|0.07|0.8973|
+-+-----------+-----------+-----------+----------------+-----------+--------+-----+----+------+
Best-so-far configuration:         258    mean value:      80685.64706
Description of the best-so-far configuration:
    .ID. POP_SIZE RVND_MAX_TENT FRAC_ELITE PROB_MUTACAO TORNEIO_K NUM_BL POOL_ELITE_SIZE K_ESTAB MIN_GEN_MINERAC Q_ALPHA Q_GAMMA_RL Q_EPSILON_INIT Q_EPSILON_MIN Q_EPSILON_DECAY .PARENT.
258  258       49           143     0.1868       0.4727         5     10             200      29               3  0.3887     0.4206         0.0579        0.0376          0.9934      251

# 2026-04-10 08:15:17 -03: Elite configurations (first number is the configuration ID; listed from best to worst according to the sum of ranks):
    POP_SIZE RVND_MAX_TENT FRAC_ELITE PROB_MUTACAO TORNEIO_K NUM_BL POOL_ELITE_SIZE K_ESTAB MIN_GEN_MINERAC Q_ALPHA Q_GAMMA_RL Q_EPSILON_INIT Q_EPSILON_MIN Q_EPSILON_DECAY
258       49           143     0.1868       0.4727         5     10             200      29               3  0.3887     0.4206         0.0579        0.0376          0.9934
251       62           158     0.1527       0.4856         5     10             200      30               4  0.3871     0.3424         0.0617        0.0714          0.9923
206       85           183     0.2865       0.2714         5     10             200      23               7  0.4634     0.4394         0.0742        0.0316          0.9918
259       43           160     0.1707       0.5209         5     10             200      29               3  0.4012     0.4448         0.1048        0.0523          0.9947
237       66           168     0.1727       0.4361         3     10             200      18              13  0.5276     0.4843         0.2014        0.0770          0.9965
# 2026-04-10 08:15:17 -03: Iteration 7 of 7
# experimentsUsed: 1977
# remainingBudget: 23
# currentBudget: 23
# nbConfigurations: 6
# Markers:
     x No test is performed.
     c Configurations are discarded only due to capping.
     - The test is performed and some configurations are discarded.
     = The test is performed but no configuration is discarded.
     ! The test is performed and configurations could be discarded but elite configurations are preserved.
     . Alive configurations were already evaluated on this instance and nothing is discarded.
     : All alive configurations are elite, but some need to be evaluated on this instance.

+-+-----------+-----------+-----------+----------------+-----------+--------+-----+----+------+
| |   Instance|      Alive|       Best|       Mean best| Exp so far|  W time|  rho|KenW|  Qvar|
+-+-----------+-----------+-----------+----------------+-----------+--------+-----+----+------+
|x|         18|          6|        258|     85734.00000|          6|00:00:13|   NA|  NA|    NA|
|x|         16|          6|        258|     79989.00000|          7|00:00:02|+0.03|0.51|0.6838|
|x|          7|          6|        258|     80472.66667|          8|00:00:02|+0.07|0.38|0.8657|
|x|          6|          6|        258|     79130.75000|          9|00:00:02|+0.21|0.41|0.7406|
|=|          2|          6|        258|     80048.60000|         10|00:00:03|+0.22|0.38|0.7328|
|=|         14|          6|        258|     79858.66667|         11|00:00:03|+0.16|0.30|0.7254|
|=|         13|          6|        258|     81246.00000|         12|00:00:03|+0.07|0.20|0.7811|
|=|          5|          6|        258|     81371.87500|         13|00:00:03|+0.07|0.19|0.7801|
|=|         12|          6|        258|     80683.44444|         14|00:00:04|+0.05|0.15|0.7748|
|=|          4|          6|        258|     80615.50000|         15|00:00:03|+0.08|0.18|0.7417|
|=|         11|          6|        258|     80611.63636|         16|00:00:02|+0.10|0.18|0.7477|
|=|         17|          6|        258|     80883.41667|         17|00:00:03|+0.06|0.14|0.7943|
|=|         15|          6|        258|     80930.53846|         18|00:00:03|+0.05|0.12|0.7828|
|=|          8|          6|        258|     81265.57143|         19|00:00:03|+0.05|0.11|0.7927|
|=|          1|          6|        258|     81016.60000|         20|00:00:03|+0.07|0.13|0.7818|
|-|          9|          5|        258|     81356.75000|         21|00:00:03|+0.01|0.07|0.8006|
|.|         10|          5|        258|     81230.47059|         21|00:00:00|+0.02|0.07|0.7945|
|.|          3|          5|        258|     80966.11111|         21|00:00:00|+0.00|0.06|0.7971|
+-+-----------+-----------+-----------+----------------+-----------+--------+-----+----+------+
Best-so-far configuration:         258    mean value:      80966.11111
Description of the best-so-far configuration:
    .ID. POP_SIZE RVND_MAX_TENT FRAC_ELITE PROB_MUTACAO TORNEIO_K NUM_BL POOL_ELITE_SIZE K_ESTAB MIN_GEN_MINERAC Q_ALPHA Q_GAMMA_RL Q_EPSILON_INIT Q_EPSILON_MIN Q_EPSILON_DECAY .PARENT.
258  258       49           143     0.1868       0.4727         5     10             200      29               3  0.3887     0.4206         0.0579        0.0376          0.9934      251

# 2026-04-10 08:16:19 -03: Elite configurations (first number is the configuration ID; listed from best to worst according to the sum of ranks):
    POP_SIZE RVND_MAX_TENT FRAC_ELITE PROB_MUTACAO TORNEIO_K NUM_BL POOL_ELITE_SIZE K_ESTAB MIN_GEN_MINERAC Q_ALPHA Q_GAMMA_RL Q_EPSILON_INIT Q_EPSILON_MIN Q_EPSILON_DECAY
258       49           143     0.1868       0.4727         5     10             200      29               3  0.3887     0.4206         0.0579        0.0376          0.9934
251       62           158     0.1527       0.4856         5     10             200      30               4  0.3871     0.3424         0.0617        0.0714          0.9923
206       85           183     0.2865       0.2714         5     10             200      23               7  0.4634     0.4394         0.0742        0.0316          0.9918
259       43           160     0.1707       0.5209         5     10             200      29               3  0.4012     0.4448         0.1048        0.0523          0.9947
237       66           168     0.1727       0.4361         3     10             200      18              13  0.5276     0.4843         0.2014        0.0770          0.9965
# 2026-04-10 08:16:19 -03: Stopped because there is not enough budget left to race more than the minimum (5).
# You may either increase the budget or set 'minNbSurvival' to a lower value.
# Iteration: 8
# nbIterations: 8
# experimentsUsed: 1998
# timeUsed: 0
# remainingBudget: 2
# currentBudget: 2
# number of elites: 5
# nbConfigurations: 5
# Total CPU user time: 9435.276, CPU sys time: 29.474, Wall-clock time: 2520.295
# 2026-04-10 08:16:19 -03: Starting post-selection:
# Configurations selected: 258, 251.
# Pending instances: 0, 0.
# 2026-04-10 08:16:19 -03: seed: 1234
# Configurations: 2
# Available experiments: 2
# minSurvival: 1
# Markers:
     x No test is performed.
     c Configurations are discarded only due to capping.
     - The test is performed and some configurations are discarded.
     = The test is performed but no configuration is discarded.
     ! The test is performed and configurations could be discarded but elite configurations are preserved.
     . Alive configurations were already evaluated on this instance and nothing is discarded.
     : All alive configurations are elite, but some need to be evaluated on this instance.

+-+-----------+-----------+-----------+----------------+-----------+--------+-----+----+------+
| |   Instance|      Alive|       Best|       Mean best| Exp so far|  W time|  rho|KenW|  Qvar|
+-+-----------+-----------+-----------+----------------+-----------+--------+-----+----+------+
|.|          7|          2|        258|     81440.00000|          0|00:00:00|   NA|  NA|    NA|
|.|          6|          2|        258|     78272.50000|          0|00:00:00|+1.00|1.00|0.0000|
|.|         15|          2|        258|     79347.00000|          0|00:00:00|+1.00|1.00|0.0000|
|.|         14|          2|        258|     79237.50000|          0|00:00:00|+0.00|0.25|0.5000|
|.|          4|          2|        258|     79390.80000|          0|00:00:00|+0.20|0.36|0.4000|
|.|          8|          2|        258|     80429.16667|          0|00:00:00|+0.33|0.44|0.3333|
|.|         16|          2|        258|     79545.57143|          0|00:00:00|+0.05|0.18|0.4762|
|.|         12|          2|        258|     78999.37500|          0|00:00:00|-0.07|0.06|0.5357|
|.|          5|          2|        258|     79360.88889|          0|00:00:00|-0.11|0.01|0.5556|
|.|         13|          2|        258|     80381.80000|          0|00:00:00|-0.07|0.04|0.5333|
|.|         11|          2|        258|     80399.18182|          0|00:00:00|-0.02|0.07|0.5091|
|.|          3|          2|        258|     80071.91667|          0|00:00:00|-0.06|0.03|0.5303|
|.|          9|          2|        258|     80563.23077|          0|00:00:00|-0.08|0.01|0.5385|
|.|         10|          2|        258|     80466.57143|          0|00:00:00|-0.05|0.02|0.5275|
|.|          2|          2|        258|     80683.46667|          0|00:00:00|-0.03|0.04|0.5143|
|.|          1|          2|        258|     80486.43750|          0|00:00:00|-0.05|0.02|0.5250|
|.|         17|          2|        258|     80685.64706|          0|00:00:00|-0.06|0.00|0.5294|
|.|         18|          2|        258|     80966.11111|          0|00:00:00|-0.05|0.01|0.5229|
|=|         19|          2|        258|     80644.73684|          2|00:00:05|-0.05|0.00|0.5263|
+-+-----------+-----------+-----------+----------------+-----------+--------+-----+----+------+
Best-so-far configuration:         258    mean value:      80644.73684
Description of the best-so-far configuration:
    .ID. POP_SIZE RVND_MAX_TENT FRAC_ELITE PROB_MUTACAO TORNEIO_K NUM_BL POOL_ELITE_SIZE K_ESTAB MIN_GEN_MINERAC Q_ALPHA Q_GAMMA_RL Q_EPSILON_INIT Q_EPSILON_MIN Q_EPSILON_DECAY .PARENT.
258  258       49           143     0.1868       0.4727         5     10             200      29               3  0.3887     0.4206         0.0579        0.0376          0.9934      251

# 2026-04-10 08:16:25 -03: Elite configurations (first number is the configuration ID; listed from best to worst according to the sum of ranks):
    POP_SIZE RVND_MAX_TENT FRAC_ELITE PROB_MUTACAO TORNEIO_K NUM_BL POOL_ELITE_SIZE K_ESTAB MIN_GEN_MINERAC Q_ALPHA Q_GAMMA_RL Q_EPSILON_INIT Q_EPSILON_MIN Q_EPSILON_DECAY
258       49           143     0.1868       0.4727         5     10             200      29               3  0.3887     0.4206         0.0579        0.0376          0.9934
251       62           158     0.1527       0.4856         5     10             200      30               4  0.3871     0.3424         0.0617        0.0714          0.9923
# Total CPU user time: 9446.328, CPU sys time: 29.488, Wall-clock time: 2525.918
# Best configurations (first number is the configuration ID; listed from best to worst according to the sum of ranks):
    POP_SIZE RVND_MAX_TENT FRAC_ELITE PROB_MUTACAO TORNEIO_K NUM_BL POOL_ELITE_SIZE K_ESTAB MIN_GEN_MINERAC Q_ALPHA Q_GAMMA_RL Q_EPSILON_INIT Q_EPSILON_MIN Q_EPSILON_DECAY
258       49           143     0.1868       0.4727         5     10             200      29               3  0.3887     0.4206         0.0579        0.0376          0.9934
251       62           158     0.1527       0.4856         5     10             200      30               4  0.3871     0.3424         0.0617        0.0714          0.9923
# Best configurations as commandlines (first number is the configuration ID; listed from best to worst according to the sum of ranks):
258 --pop 49 --tent 143 --elite 0.1868 --mut 0.4727 --tk 5 --nbl 10 --pool 200 --k-estab 29 --min-gen-mineracoes 3 --qalpha 0.3887 --qgamma 0.4206 --qeps 0.0579 --qepsmin 0.0376 --qdecay 0.9934
251 --pop 62 --tent 158 --elite 0.1527 --mut 0.4856 --tk 5 --nbl 10 --pool 200 --k-estab 30 --min-gen-mineracoes 4 --qalpha 0.3871 --qgamma 0.3424 --qeps 0.0617 --qepsmin 0.0714 --qdecay 0.9923


# Testing of elite configurations: 1 
# Testing iteration configurations: FALSE 
# 2026-04-10 08:16:25 -03: No test instances, skip testing
